<?xml version="1.0" encoding="UTF-8"?>
<testsuite name="org.example.list.LinkedListTest" tests="4" skipped="0" failures="0" errors="0" timestamp="2024-04-27T20:32:56" hostname="LAPTOP-D5PP12RF" time="0.037">
  <properties/>
  <testcase name="testAdd()" classname="org.example.list.LinkedListTest" time="0.029"/>
  <testcase name="testRemoveMissing()" classname="org.example.list.LinkedListTest" time="0.002"/>
  <testcase name="testRemove()" classname="org.example.list.LinkedListTest" time="0.002"/>
  <testcase name="testConstructor()" classname="org.example.list.LinkedListTest" time="0.001"/>
  <system-out><![CDATA[]]></system-out>
  <system-err><![CDATA[]]></system-err>
</testsuite>
